[2022/08/13 20:10:38] utils.c:295: warn: make_dir: cannot create directory '/var/run/minidlna'
[2022/08/13 20:10:38] minidlna.c:466: error: Unable to create pidfile directory: /var/run/minidlna/minidlna.pid
[2022/08/13 20:10:38] minidlna.c:1134: warn: Starting MiniDLNA version 1.3.1.
[2022/08/13 20:10:38] minidlna.c:394: warn: Creating new database at /home/aldan/.config/minidlna/files.db
[2022/08/13 20:10:38] minidlna.c:1182: warn: HTTP listening on port 8200
[2022/08/13 20:10:38] scanner.c:731: warn: Scanning /run/media/aldan/Seagate Expansion Drive/Movies
[2022/08/13 20:11:12] scanner.c:820: warn: Scanning /run/media/aldan/Seagate Expansion Drive/Movies finished (795 files)!
[2022/08/13 20:11:12] playlist.c:135: warn: Parsing playlists...
[2022/08/13 20:11:12] playlist.c:269: warn: Finished parsing playlists.
[2022/08/13 20:11:32] utils.c:295: warn: make_dir: cannot create directory '/var/run/minidlna'
[2022/08/13 20:11:32] minidlna.c:466: error: Unable to create pidfile directory: /var/run/minidlna/minidlna.pid
[2022/08/13 20:11:32] minidlna.c:1134: warn: Starting MiniDLNA version 1.3.1.
[2022/08/13 20:11:32] minidlna.c:394: warn: Creating new database at /home/aldan/.config/minidlna/files.db
[2022/08/13 20:11:32] scanner.c:731: warn: Scanning /run/media/aldan/Seagate Expansion Drive/Movies
[2022/08/13 20:11:32] minidlna.c:137: error: bind(http): Address already in use
[2022/08/13 20:11:32] minidlna.c:1181: fatal: Failed to open socket for HTTP. EXITING
[2022/08/13 20:11:43] scanner.c:820: warn: Scanning /run/media/aldan/Seagate Expansion Drive/Movies finished (795 files)!
[2022/08/13 20:11:43] playlist.c:135: warn: Parsing playlists...
[2022/08/13 20:11:43] playlist.c:269: warn: Finished parsing playlists.
[2022/08/13 20:12:34] utils.c:295: warn: make_dir: cannot create directory '/var/run/minidlna'
[2022/08/13 20:12:34] minidlna.c:466: error: Unable to create pidfile directory: /var/run/minidlna/minidlna.pid
[2022/08/13 20:12:34] minidlna.c:1134: warn: Starting MiniDLNA version 1.3.1.
[2022/08/13 20:12:34] minidlna.c:394: warn: Creating new database at /home/aldan/.config/minidlna/files.db
[2022/08/13 20:12:34] minidlna.c:137: error: bind(http): Address already in use
[2022/08/13 20:12:34] minidlna.c:1181: fatal: Failed to open socket for HTTP. EXITING
[2022/08/13 20:12:34] scanner.c:731: warn: Scanning /run/media/aldan/Seagate Expansion Drive/Movies
[2022/08/13 20:12:44] scanner.c:820: warn: Scanning /run/media/aldan/Seagate Expansion Drive/Movies finished (795 files)!
[2022/08/13 20:12:44] playlist.c:135: warn: Parsing playlists...
[2022/08/13 20:12:44] playlist.c:269: warn: Finished parsing playlists.
[2022/08/13 20:13:16] utils.c:295: warn: make_dir: cannot create directory '/var/run/minidlna'
[2022/08/13 20:13:16] minidlna.c:466: error: Unable to create pidfile directory: /var/run/minidlna/minidlna.pid
[2022/08/13 20:13:16] minidlna.c:1134: warn: Starting MiniDLNA version 1.3.1.
[2022/08/13 20:13:16] minidlna.c:394: warn: Creating new database at /home/aldan/.config/minidlna/files.db
[2022/08/13 20:13:16] minidlna.c:137: error: bind(http): Address already in use
[2022/08/13 20:13:16] minidlna.c:1181: fatal: Failed to open socket for HTTP. EXITING
[2022/08/13 20:13:16] scanner.c:731: warn: Scanning /run/media/aldan/Seagate Expansion Drive/Movies
[2022/08/13 20:13:27] scanner.c:820: warn: Scanning /run/media/aldan/Seagate Expansion Drive/Movies finished (795 files)!
[2022/08/13 20:13:27] playlist.c:135: warn: Parsing playlists...
[2022/08/13 20:13:27] playlist.c:269: warn: Finished parsing playlists.
[2022/08/13 20:14:48] minidlna.c:199: warn: received signal 15, good-bye
[2022/08/13 20:14:48] minidlna.c:199: warn: received signal 15, good-bye
[2022/08/13 20:14:48] minidlna.c:217: warn: received signal 1, reloading
[2022/08/14 13:31:00] utils.c:295: warn: make_dir: cannot create directory '/var/run/minidlna'
[2022/08/14 13:31:00] minidlna.c:466: error: Unable to create pidfile directory: /var/run/minidlna/minidlna.pid
[2022/08/14 13:31:00] minidlna.c:1134: warn: Starting MiniDLNA version 1.3.1.
[2022/08/14 13:31:00] minidlna.c:394: warn: Creating new database at /home/aldan/.config/minidlna/files.db
[2022/08/14 13:31:00] minidlna.c:1182: warn: HTTP listening on port 8200
[2022/08/14 13:31:00] scanner.c:731: warn: Scanning /run/media/aldan/Seagate Expansion Drive/Movies
[2022/08/14 13:31:37] scanner.c:820: warn: Scanning /run/media/aldan/Seagate Expansion Drive/Movies finished (803 files)!
[2022/08/14 13:31:37] playlist.c:135: warn: Parsing playlists...
[2022/08/14 13:31:37] playlist.c:269: warn: Finished parsing playlists.
[2022/08/14 14:00:37] metadata.c:715: warn: Opening /run/media/aldan/Seagate Expansion Drive/Movies/The Boys/The.Boys.S03.720p.AMZN.WEB-DL.DDP5.1.H.264-NTb/The.Boys.S03E02.The.Only.Man.In.The.Sky.720p.AMZN.WEB-DL.DDP5.1.H.264-NTb.mkv failed! [Invalid data found when processing input]
[2022/08/14 14:00:37] scanner.c:490: warn: Unsuccessful getting details for /run/media/aldan/Seagate Expansion Drive/Movies/The Boys/The.Boys.S03.720p.AMZN.WEB-DL.DDP5.1.H.264-NTb/The.Boys.S03E02.The.Only.Man.In.The.Sky.720p.AMZN.WEB-DL.DDP5.1.H.264-NTb.mkv
[2022/08/14 15:37:02] utils.c:295: warn: make_dir: cannot create directory '/var/run/minidlna'
[2022/08/14 15:37:02] minidlna.c:466: error: Unable to create pidfile directory: /var/run/minidlna/minidlna.pid
[2022/08/14 15:37:02] minidlna.c:1134: warn: Starting MiniDLNA version 1.3.1.
[2022/08/14 15:37:02] minidlna.c:394: warn: Creating new database at /home/aldan/.config/minidlna/files.db
[2022/08/14 15:37:02] scanner.c:731: warn: Scanning /run/media/aldan/Seagate Expansion Drive/Movies
[2022/08/14 15:37:02] minidlna.c:137: error: bind(http): Address already in use
[2022/08/14 15:37:02] minidlna.c:1181: fatal: Failed to open socket for HTTP. EXITING
[2022/08/14 15:37:34] scanner.c:820: warn: Scanning /run/media/aldan/Seagate Expansion Drive/Movies finished (811 files)!
[2022/08/14 15:37:34] playlist.c:135: warn: Parsing playlists...
[2022/08/14 15:37:34] playlist.c:269: warn: Finished parsing playlists.
[2022/08/14 16:48:57] utils.c:295: warn: make_dir: cannot create directory '/var/run/minidlna'
[2022/08/14 16:48:57] minidlna.c:466: error: Unable to create pidfile directory: /var/run/minidlna/minidlna.pid
[2022/08/14 16:48:57] minidlna.c:1134: warn: Starting MiniDLNA version 1.3.1.
[2022/08/14 16:48:57] minidlna.c:394: warn: Creating new database at /home/aldan/.config/minidlna/files.db
[2022/08/14 16:48:57] minidlna.c:137: error: bind(http): Address already in use
[2022/08/14 16:48:57] minidlna.c:1181: fatal: Failed to open socket for HTTP. EXITING
[2022/08/14 16:48:57] scanner.c:731: warn: Scanning /run/media/aldan/Seagate Expansion Drive/Movies
[2022/08/14 16:49:16] scanner.c:820: warn: Scanning /run/media/aldan/Seagate Expansion Drive/Movies finished (811 files)!
[2022/08/14 16:49:16] playlist.c:135: warn: Parsing playlists...
[2022/08/14 16:49:16] playlist.c:269: warn: Finished parsing playlists.
[2022/08/14 16:49:41] minidlna.c:199: warn: received signal 15, good-bye
[2022/08/20 15:59:21] utils.c:295: warn: make_dir: cannot create directory '/var/run/minidlna'
[2022/08/20 15:59:21] minidlna.c:466: error: Unable to create pidfile directory: /var/run/minidlna/minidlna.pid
[2022/08/20 15:59:21] minidlna.c:1134: warn: Starting MiniDLNA version 1.3.1.
[2022/08/20 15:59:21] minidlna.c:394: warn: Creating new database at /home/aldan/.config/minidlna/files.db
[2022/08/20 15:59:21] minidlna.c:1182: warn: HTTP listening on port 8200
[2022/08/20 15:59:21] scanner.c:731: warn: Scanning /run/media/aldan/Seagate Expansion Drive/Movies
[2022/08/20 16:00:03] scanner.c:820: warn: Scanning /run/media/aldan/Seagate Expansion Drive/Movies finished (811 files)!
[2022/08/20 16:00:03] playlist.c:135: warn: Parsing playlists...
[2022/08/20 16:00:03] playlist.c:269: warn: Finished parsing playlists.
[2022/08/20 16:02:22] utils.c:295: warn: make_dir: cannot create directory '/var/run/minidlna'
[2022/08/20 16:02:22] minidlna.c:466: error: Unable to create pidfile directory: /var/run/minidlna/minidlna.pid
[2022/08/20 16:02:22] minidlna.c:1134: warn: Starting MiniDLNA version 1.3.1.
[2022/08/20 16:02:22] minidlna.c:394: warn: Creating new database at /home/aldan/.config/minidlna/files.db
[2022/08/20 16:02:22] minidlna.c:137: error: bind(http): Address already in use
[2022/08/20 16:02:22] minidlna.c:1181: fatal: Failed to open socket for HTTP. EXITING
[2022/08/20 16:02:22] scanner.c:731: warn: Scanning /run/media/aldan/Seagate Expansion Drive/Movies
[2022/08/20 16:02:33] scanner.c:820: warn: Scanning /run/media/aldan/Seagate Expansion Drive/Movies finished (811 files)!
[2022/08/20 16:02:33] playlist.c:135: warn: Parsing playlists...
[2022/08/20 16:02:33] playlist.c:269: warn: Finished parsing playlists.
[2022/08/20 16:02:34] minidlna.c:199: warn: received signal 15, good-bye
[2022/08/20 17:15:07] utils.c:295: warn: make_dir: cannot create directory '/var/run/minidlna'
[2022/08/20 17:15:07] minidlna.c:466: error: Unable to create pidfile directory: /var/run/minidlna/minidlna.pid
[2022/08/20 17:15:07] minidlna.c:1134: warn: Starting MiniDLNA version 1.3.1.
[2022/08/20 17:15:07] minidlna.c:394: warn: Creating new database at /home/aldan/.config/minidlna/files.db
[2022/08/20 17:15:07] scanner.c:731: warn: Scanning /run/media/aldan/Seagate Expansion Drive/Movies
[2022/08/20 17:15:07] minidlna.c:1182: warn: HTTP listening on port 8200
[2022/08/20 17:15:22] albumart.c:203: warn: Linking /home/aldan/.config/minidlna/art_cache/run/media/aldan/Seagate Expansion Drive/Movies/Infinity Train/Infinity.Train.S02.720p.WEB-DL.AAC2.0.H.264-LAZY/Infinity.Train.S02E02.The.Family.Tree.Car.720p.WEB-DL.AAC2.0.H.264-LAZY.jpg to /home/aldan/.config/minidlna/art_cache/run/media/aldan/Seagate Expansion Drive/Movies/Infinity Train/Infinity.Train.S02.720p.WEB-DL.AAC2.0.H.264-LAZY/Infinity.Train.S02E01.The.Black.Market.Car.720p.WEB-DL.AAC2.0.H.264-LAZY.jpg failed [File exists]
[2022/08/20 17:15:42] scanner.c:820: warn: Scanning /run/media/aldan/Seagate Expansion Drive/Movies finished (811 files)!
[2022/08/20 17:15:42] playlist.c:135: warn: Parsing playlists...
[2022/08/20 17:15:42] playlist.c:269: warn: Finished parsing playlists.
[2022/08/20 17:17:19] minidlna.c:199: warn: received signal 15, good-bye
[2022/09/17 19:22:00] utils.c:295: warn: make_dir: cannot create directory '/var/run/minidlna'
[2022/09/17 19:22:00] minidlna.c:466: error: Unable to create pidfile directory: /var/run/minidlna/minidlna.pid
[2022/09/17 19:22:00] minidlna.c:1134: warn: Starting MiniDLNA version 1.3.1.
[2022/09/17 19:22:00] minidlna.c:394: warn: Creating new database at /home/aldan/.config/minidlna/files.db
[2022/09/17 19:22:00] minidlna.c:1182: warn: HTTP listening on port 8200
[2022/09/17 19:22:00] scanner.c:731: warn: Scanning /run/media/aldan/Seagate Expansion Drive/Movies
[2022/09/17 19:22:16] albumart.c:203: warn: Linking /home/aldan/.config/minidlna/art_cache/run/media/aldan/Seagate Expansion Drive/Movies/Infinity Train/Infinity.Train.S02.720p.WEB-DL.AAC2.0.H.264-LAZY/Infinity.Train.S02E02.The.Family.Tree.Car.720p.WEB-DL.AAC2.0.H.264-LAZY.jpg to /home/aldan/.config/minidlna/art_cache/run/media/aldan/Seagate Expansion Drive/Movies/Infinity Train/Infinity.Train.S02.720p.WEB-DL.AAC2.0.H.264-LAZY/Infinity.Train.S02E01.The.Black.Market.Car.720p.WEB-DL.AAC2.0.H.264-LAZY.jpg failed [File exists]
[2022/09/17 19:22:16] albumart.c:203: warn: Linking /home/aldan/.config/minidlna/art_cache/run/media/aldan/Seagate Expansion Drive/Movies/Infinity Train/Infinity.Train.S02.720p.WEB-DL.AAC2.0.H.264-LAZY/Infinity.Train.S02E03.The.Map.Car.720p.WEB-DL.AAC2.0.H.264-LAZY.jpg to /home/aldan/.config/minidlna/art_cache/run/media/aldan/Seagate Expansion Drive/Movies/Infinity Train/Infinity.Train.S02.720p.WEB-DL.AAC2.0.H.264-LAZY/Infinity.Train.S02E02.The.Family.Tree.Car.720p.WEB-DL.AAC2.0.H.264-LAZY.jpg failed [File exists]
[2022/09/17 19:22:16] albumart.c:203: warn: Linking /home/aldan/.config/minidlna/art_cache/run/media/aldan/Seagate Expansion Drive/Movies/Infinity Train/Infinity.Train.S02.720p.WEB-DL.AAC2.0.H.264-LAZY/Infinity.Train.S02E04.The.Toad.Car.720p.WEB-DL.AAC2.0.H.264-LAZY.jpg to /home/aldan/.config/minidlna/art_cache/run/media/aldan/Seagate Expansion Drive/Movies/Infinity Train/Infinity.Train.S02.720p.WEB-DL.AAC2.0.H.264-LAZY/Infinity.Train.S02E03.The.Map.Car.720p.WEB-DL.AAC2.0.H.264-LAZY.jpg failed [File exists]
[2022/09/17 19:22:16] albumart.c:203: warn: Linking /home/aldan/.config/minidlna/art_cache/run/media/aldan/Seagate Expansion Drive/Movies/Infinity Train/Infinity.Train.S02.720p.WEB-DL.AAC2.0.H.264-LAZY/Infinity.Train.S02E05.The.Parasite.Car.720p.WEB-DL.AAC2.0.H.264-LAZY.jpg to /home/aldan/.config/minidlna/art_cache/run/media/aldan/Seagate Expansion Drive/Movies/Infinity Train/Infinity.Train.S02.720p.WEB-DL.AAC2.0.H.264-LAZY/Infinity.Train.S02E04.The.Toad.Car.720p.WEB-DL.AAC2.0.H.264-LAZY.jpg failed [File exists]
[2022/09/17 19:22:37] scanner.c:820: warn: Scanning /run/media/aldan/Seagate Expansion Drive/Movies finished (826 files)!
[2022/09/17 19:22:37] playlist.c:135: warn: Parsing playlists...
[2022/09/17 19:22:37] playlist.c:269: warn: Finished parsing playlists.
[2022/09/17 22:07:11] minidlna.c:199: warn: received signal 15, good-bye
[2022/09/17 22:07:11] minidlna.c:199: warn: received signal 15, good-bye
[2022/09/17 22:07:11] minidlna.c:217: warn: received signal 1, reloading
[2022/10/09 19:46:49] utils.c:295: warn: make_dir: cannot create directory '/var/run/minidlna'
[2022/10/09 19:46:50] minidlna.c:466: error: Unable to create pidfile directory: /var/run/minidlna/minidlna.pid
[2022/10/09 19:46:50] minidlna.c:1134: warn: Starting MiniDLNA version 1.3.1.
[2022/10/09 19:46:50] minidlna.c:394: warn: Creating new database at /home/aldan/.config/minidlna/files.db
[2022/10/09 19:46:50] minidlna.c:1182: warn: HTTP listening on port 8200
[2022/10/09 19:46:50] scanner.c:731: warn: Scanning /run/media/aldan/Seagate Expansion Drive/Movies
[2022/10/09 19:47:07] albumart.c:203: warn: Linking /home/aldan/.config/minidlna/art_cache/run/media/aldan/Seagate Expansion Drive/Movies/Infinity Train/Infinity.Train.S02.720p.WEB-DL.AAC2.0.H.264-LAZY/Infinity.Train.S02E02.The.Family.Tree.Car.720p.WEB-DL.AAC2.0.H.264-LAZY.jpg to /home/aldan/.config/minidlna/art_cache/run/media/aldan/Seagate Expansion Drive/Movies/Infinity Train/Infinity.Train.S02.720p.WEB-DL.AAC2.0.H.264-LAZY/Infinity.Train.S02E01.The.Black.Market.Car.720p.WEB-DL.AAC2.0.H.264-LAZY.jpg failed [File exists]
[2022/10/09 19:47:07] albumart.c:203: warn: Linking /home/aldan/.config/minidlna/art_cache/run/media/aldan/Seagate Expansion Drive/Movies/Infinity Train/Infinity.Train.S02.720p.WEB-DL.AAC2.0.H.264-LAZY/Infinity.Train.S02E03.The.Map.Car.720p.WEB-DL.AAC2.0.H.264-LAZY.jpg to /home/aldan/.config/minidlna/art_cache/run/media/aldan/Seagate Expansion Drive/Movies/Infinity Train/Infinity.Train.S02.720p.WEB-DL.AAC2.0.H.264-LAZY/Infinity.Train.S02E02.The.Family.Tree.Car.720p.WEB-DL.AAC2.0.H.264-LAZY.jpg failed [File exists]
[2022/10/09 19:47:07] albumart.c:203: warn: Linking /home/aldan/.config/minidlna/art_cache/run/media/aldan/Seagate Expansion Drive/Movies/Infinity Train/Infinity.Train.S02.720p.WEB-DL.AAC2.0.H.264-LAZY/Infinity.Train.S02E04.The.Toad.Car.720p.WEB-DL.AAC2.0.H.264-LAZY.jpg to /home/aldan/.config/minidlna/art_cache/run/media/aldan/Seagate Expansion Drive/Movies/Infinity Train/Infinity.Train.S02.720p.WEB-DL.AAC2.0.H.264-LAZY/Infinity.Train.S02E03.The.Map.Car.720p.WEB-DL.AAC2.0.H.264-LAZY.jpg failed [File exists]
[2022/10/09 19:47:07] albumart.c:203: warn: Linking /home/aldan/.config/minidlna/art_cache/run/media/aldan/Seagate Expansion Drive/Movies/Infinity Train/Infinity.Train.S02.720p.WEB-DL.AAC2.0.H.264-LAZY/Infinity.Train.S02E05.The.Parasite.Car.720p.WEB-DL.AAC2.0.H.264-LAZY.jpg to /home/aldan/.config/minidlna/art_cache/run/media/aldan/Seagate Expansion Drive/Movies/Infinity Train/Infinity.Train.S02.720p.WEB-DL.AAC2.0.H.264-LAZY/Infinity.Train.S02E04.The.Toad.Car.720p.WEB-DL.AAC2.0.H.264-LAZY.jpg failed [File exists]
[2022/10/09 19:47:07] albumart.c:203: warn: Linking /home/aldan/.config/minidlna/art_cache/run/media/aldan/Seagate Expansion Drive/Movies/Infinity Train/Infinity.Train.S02.720p.WEB-DL.AAC2.0.H.264-LAZY/Infinity.Train.S02E06.The.Lucky.Cat.Car.720p.WEB-DL.AAC2.0.H.264-LAZY.jpg to /home/aldan/.config/minidlna/art_cache/run/media/aldan/Seagate Expansion Drive/Movies/Infinity Train/Infinity.Train.S02.720p.WEB-DL.AAC2.0.H.264-LAZY/Infinity.Train.S02E05.The.Parasite.Car.720p.WEB-DL.AAC2.0.H.264-LAZY.jpg failed [File exists]
[2022/10/09 19:47:07] albumart.c:203: warn: Linking /home/aldan/.config/minidlna/art_cache/run/media/aldan/Seagate Expansion Drive/Movies/Infinity Train/Infinity.Train.S02.720p.WEB-DL.AAC2.0.H.264-LAZY/Infinity.Train.S02E07.The.Mall.Car.720p.WEB-DL.AAC2.0.H.264-LAZY.jpg to /home/aldan/.config/minidlna/art_cache/run/media/aldan/Seagate Expansion Drive/Movies/Infinity Train/Infinity.Train.S02.720p.WEB-DL.AAC2.0.H.264-LAZY/Infinity.Train.S02E06.The.Lucky.Cat.Car.720p.WEB-DL.AAC2.0.H.264-LAZY.jpg failed [File exists]
[2022/10/09 19:47:07] albumart.c:203: warn: Linking /home/aldan/.config/minidlna/art_cache/run/media/aldan/Seagate Expansion Drive/Movies/Infinity Train/Infinity.Train.S02.720p.WEB-DL.AAC2.0.H.264-LAZY/Infinity.Train.S02E08.The.Wasteland.720p.WEB-DL.AAC2.0.H.264-LAZY.jpg to /home/aldan/.config/minidlna/art_cache/run/media/aldan/Seagate Expansion Drive/Movies/Infinity Train/Infinity.Train.S02.720p.WEB-DL.AAC2.0.H.264-LAZY/Infinity.Train.S02E07.The.Mall.Car.720p.WEB-DL.AAC2.0.H.264-LAZY.jpg failed [File exists]
[2022/10/09 19:47:07] albumart.c:203: warn: Linking /home/aldan/.config/minidlna/art_cache/run/media/aldan/Seagate Expansion Drive/Movies/Infinity Train/Infinity.Train.S02.720p.WEB-DL.AAC2.0.H.264-LAZY/Infinity.Train.S02E09.The.Tape.Car.720p.WEB-DL.AAC2.0.H.264-LAZY.jpg to /home/aldan/.config/minidlna/art_cache/run/media/aldan/Seagate Expansion Drive/Movies/Infinity Train/Infinity.Train.S02.720p.WEB-DL.AAC2.0.H.264-LAZY/Infinity.Train.S02E08.The.Wasteland.720p.WEB-DL.AAC2.0.H.264-LAZY.jpg failed [File exists]
[2022/10/09 19:47:07] albumart.c:203: warn: Linking /home/aldan/.config/minidlna/art_cache/run/media/aldan/Seagate Expansion Drive/Movies/Infinity Train/Infinity.Train.S02.720p.WEB-DL.AAC2.0.H.264-LAZY/Infinity.Train.S02E10.The.Number.Car.720p.WEB-DL.AAC2.0.H.264-LAZY.jpg to /home/aldan/.config/minidlna/art_cache/run/media/aldan/Seagate Expansion Drive/Movies/Infinity Train/Infinity.Train.S02.720p.WEB-DL.AAC2.0.H.264-LAZY/Infinity.Train.S02E09.The.Tape.Car.720p.WEB-DL.AAC2.0.H.264-LAZY.jpg failed [File exists]
[2022/10/09 19:47:26] scanner.c:820: warn: Scanning /run/media/aldan/Seagate Expansion Drive/Movies finished (826 files)!
[2022/10/09 19:47:26] playlist.c:135: warn: Parsing playlists...
[2022/10/09 19:47:26] playlist.c:269: warn: Finished parsing playlists.
[2022/10/09 19:49:07] minidlna.c:199: warn: received signal 15, good-bye
[2023/01/29 13:04:31] utils.c:295: warn: make_dir: cannot create directory '/var/run/minidlna'
[2023/01/29 13:04:31] minidlna.c:466: error: Unable to create pidfile directory: /var/run/minidlna/minidlna.pid
[2023/01/29 13:04:31] minidlna.c:1134: warn: Starting MiniDLNA version 1.3.1.
[2023/01/29 13:04:31] minidlna.c:394: warn: Creating new database at /home/aldan/.config/minidlna/files.db
[2023/01/29 13:04:31] minidlna.c:1182: warn: HTTP listening on port 8200
[2023/01/29 13:04:31] scanner.c:731: warn: Scanning /run/media/aldan/Seagate Expansion Drive/Movies
[2023/01/29 13:05:09] scanner.c:820: warn: Scanning /run/media/aldan/Seagate Expansion Drive/Movies finished (874 files)!
[2023/01/29 13:05:09] playlist.c:135: warn: Parsing playlists...
[2023/01/29 13:05:09] playlist.c:269: warn: Finished parsing playlists.
[2023/01/29 13:08:53] minidlna.c:199: warn: received signal 15, good-bye
[2025/04/20 18:23:21] utils.c:295: warn: make_dir: cannot create directory '/var/run/minidlna'
[2025/04/20 18:23:21] minidlna.c:466: error: Unable to create pidfile directory: /var/run/minidlna/minidlna.pid
[2025/04/20 18:23:21] minidlna.c:1134: warn: Starting MiniDLNA version 1.3.3.
[2025/04/20 18:23:21] minidlna.c:394: warn: Creating new database at /home/aldan/Documents/Projects/dotfiles/minidlna/files.db
[2025/04/20 18:23:21] minidlna.c:1182: warn: HTTP listening on port 8200
[2025/04/20 18:23:21] scanner.c:731: warn: Scanning /run/media/aldan/Seagate Expansion Drive/Movies
[2025/04/20 18:23:34] tagutils/tagutils-mp3.c:583: warn: File too small. Probably corrupted. [/run/media/aldan/Seagate Expansion Drive/Movies/Ed, Edd n' Eddy/Specials/Ed, Edd, n' Eddy - Sound Track/Ending theme from Boo Haw Haw [sonidobhh theme].mp3]
[2025/04/20 18:23:34] metadata.c:382: warn: Cannot extract tags from /run/media/aldan/Seagate Expansion Drive/Movies/Ed, Edd n' Eddy/Specials/Ed, Edd, n' Eddy - Sound Track/Ending theme from Boo Haw Haw [sonidobhh theme].mp3!
[2025/04/20 18:23:34] scanner.c:490: warn: Unsuccessful getting details for /run/media/aldan/Seagate Expansion Drive/Movies/Ed, Edd n' Eddy/Specials/Ed, Edd, n' Eddy - Sound Track/Ending theme from Boo Haw Haw [sonidobhh theme].mp3
[2025/04/20 18:23:40] metadata.c:715: warn: Opening /run/media/aldan/Seagate Expansion Drive/Movies/Mr.Robot/Mr.Robot.S01.720p.BluRay.DTS.x264.RoSubbed-VietHD/Mr.Robot.S01E05.eps1.4.3xpl0its.wmv.720p.BluRay.DTS.x264-VietHD.mkv.mkv failed! [Invalid data found when processing input]
[2025/04/20 18:23:40] scanner.c:490: warn: Unsuccessful getting details for /run/media/aldan/Seagate Expansion Drive/Movies/Mr.Robot/Mr.Robot.S01.720p.BluRay.DTS.x264.RoSubbed-VietHD/Mr.Robot.S01E05.eps1.4.3xpl0its.wmv.720p.BluRay.DTS.x264-VietHD.mkv.mkv
[2025/04/20 18:24:15] scanner.c:820: warn: Scanning /run/media/aldan/Seagate Expansion Drive/Movies finished (744 files)!
[2025/04/20 18:24:15] playlist.c:135: warn: Parsing playlists...
[2025/04/20 18:24:15] playlist.c:269: warn: Finished parsing playlists.
[2025/04/20 22:36:59] minidlna.c:199: warn: received signal 15, good-bye
[2025/04/20 22:36:59] minidlna.c:199: warn: received signal 15, good-bye
[2025/04/20 22:36:59] minidlna.c:217: warn: received signal 1, reloading
